<testsuites id="" name="" tests="615" failures="558" skipped="2" errors="0" time="227.498915">
<testsuite name="auth.test.ts" timestamp="2025-09-07T23:30:42.949Z" hostname="chromium" tests="6" failures="0" skipped="0" time="64.719" errors="0">
<testcase name="Authentication › should successfully login with valid credentials" classname="auth.test.ts" time="10.803">
</testcase>
<testcase name="Authentication › should show error with invalid credentials" classname="auth.test.ts" time="9.495">
</testcase>
<testcase name="Authentication › should successfully logout" classname="auth.test.ts" time="14.728">
</testcase>
<testcase name="Authentication › should allow access to public notes without login" classname="auth.test.ts" time="5.874">
</testcase>
<testcase name="Authentication › should persist login state across page navigation" classname="auth.test.ts" time="15.456">
</testcase>
<testcase name="Authentication › should handle login form validation" classname="auth.test.ts" time="8.363">
</testcase>
</testsuite>
<testsuite name="notes-comprehensive.test.ts" timestamp="2025-09-07T23:30:42.949Z" hostname="chromium" tests="10" failures="0" skipped="0" time="142.737" errors="0">
<testcase name="Notes Management - Comprehensive › should display notes list page" classname="notes-comprehensive.test.ts" time="10.959">
<system-out>
<![CDATA[✅ Notes list page displayed correctly
]]>
</system-out>
</testcase>
<testcase name="Notes Management - Comprehensive › should create a new note" classname="notes-comprehensive.test.ts" time="14.219">
<system-out>
<![CDATA[✅ Note created successfully
]]>
</system-out>
</testcase>
<testcase name="Notes Management - Comprehensive › should view note details" classname="notes-comprehensive.test.ts" time="13.073">
<system-out>
<![CDATA[✅ Note details viewed successfully
]]>
</system-out>
</testcase>
<testcase name="Notes Management - Comprehensive › should edit an existing note" classname="notes-comprehensive.test.ts" time="13.255">
<system-out>
<![CDATA[ℹ️ Edit link not available
]]>
</system-out>
</testcase>
<testcase name="Notes Management - Comprehensive › should delete a note" classname="notes-comprehensive.test.ts" time="12.671">
<system-out>
<![CDATA[ℹ️ Delete button not available
]]>
</system-out>
</testcase>
<testcase name="Notes Management - Comprehensive › should handle multiple notes" classname="notes-comprehensive.test.ts" time="25.495">
<system-out>
<![CDATA[✅ Created 3 notes. Total: 14
]]>
</system-out>
</testcase>
<testcase name="Notes Management - Comprehensive › should validate note form" classname="notes-comprehensive.test.ts" time="16.442">
<system-out>
<![CDATA[✅ Form validation works correctly
]]>
</system-out>
</testcase>
<testcase name="Notes Management - Comprehensive › should search/filter notes" classname="notes-comprehensive.test.ts" time="10.985">
<system-out>
<![CDATA[✅ Search found 13 matching notes
]]>
</system-out>
</testcase>
<testcase name="Notes Management - Comprehensive › should handle note permissions" classname="notes-comprehensive.test.ts" time="10.424">
<system-out>
<![CDATA[✅ Note permissions: { canCreate: [33mtrue[39m, canEdit: [33mfalse[39m, canDelete: [33mfalse[39m }
]]>
</system-out>
</testcase>
<testcase name="Notes Management - Comprehensive › should handle long note content" classname="notes-comprehensive.test.ts" time="15.214">
<system-out>
<![CDATA[✅ Long content handled successfully
]]>
</system-out>
</testcase>
</testsuite>
<testsuite name="notes-debug.test.ts" timestamp="2025-09-07T23:30:42.949Z" hostname="chromium" tests="1" failures="0" skipped="0" time="17.24" errors="0">
<testcase name="Notes Debug › debug note creation" classname="notes-debug.test.ts" time="17.24">
<system-out>
<![CDATA[On notes page: http://localhost:3000/users/kody/notes
On new note page: http://localhost:3000/users/kody/notes/new
Found inputs: [33m1[39m
Found textareas: [33m2[39m
Found title input with selector: input[name="title"]
Found content textarea with selector: textarea[name="content"]
Found submit button
After submit URL: http://localhost:3000/users
Page contains "Test Note Title": [33mfalse[39m
]]>
</system-out>
</testcase>
</testsuite>
<testsuite name="notes-simple.test.ts" timestamp="2025-09-07T23:30:42.949Z" hostname="chromium" tests="6" failures="0" skipped="0" time="44.957" errors="0">
<testcase name="Notes Tests - Simple › can view public notes without login" classname="notes-simple.test.ts" time="5.19">
</testcase>
<testcase name="Notes Tests - Simple › can view individual note" classname="notes-simple.test.ts" time="6.208">
</testcase>
<testcase name="Notes Tests - Simple › requires login to create notes" classname="notes-simple.test.ts" time="4.751">
</testcase>
<testcase name="Notes Tests - Simple › can access note creation when logged in" classname="notes-simple.test.ts" time="12.043">
</testcase>
<testcase name="Notes Tests - Simple › validates note creation form" classname="notes-simple.test.ts" time="11.958">
</testcase>
<testcase name="Notes Tests - Simple › can search notes" classname="notes-simple.test.ts" time="4.807">
</testcase>
</testsuite>
<testsuite name="notes.test.ts" timestamp="2025-09-07T23:30:42.949Z" hostname="chromium" tests="6" failures="0" skipped="0" time="90.011" errors="0">
<testcase name="Notes Management › should allow users to create notes" classname="notes.test.ts" time="16.471">
</testcase>
<testcase name="Notes Management › should allow users to edit notes" classname="notes.test.ts" time="19.576">
</testcase>
<testcase name="Notes Management › should allow users to delete notes" classname="notes.test.ts" time="15.214">
</testcase>
<testcase name="Notes Management › should validate required fields when creating a note" classname="notes.test.ts" time="11.386">
</testcase>
<testcase name="Notes Management › should search and filter notes" classname="notes.test.ts" time="11.75">
</testcase>
<testcase name="Notes Management › should handle long note content gracefully" classname="notes.test.ts" time="15.614">
</testcase>
</testsuite>
<testsuite name="projects-fixed.test.ts" timestamp="2025-09-07T23:30:42.949Z" hostname="chromium" tests="5" failures="0" skipped="0" time="61.517" errors="0">
<testcase name="Projects Management - Fixed › should access projects page when authenticated" classname="projects-fixed.test.ts" time="10.347">
<system-out>
<![CDATA[✅ Projects page accessible
]]>
</system-out>
</testcase>
<testcase name="Projects Management - Fixed › should redirect to login when not authenticated" classname="projects-fixed.test.ts" time="15.108">
<system-out>
<![CDATA[✅ Authentication required for projects
]]>
</system-out>
</testcase>
<testcase name="Projects Management - Fixed › should handle project creation form" classname="projects-fixed.test.ts" time="12.999">
<system-out>
<![CDATA[✅ Project form submitted
]]>
</system-out>
</testcase>
<testcase name="Projects Management - Fixed › should display project list or empty state" classname="projects-fixed.test.ts" time="11.2">
<system-out>
<![CDATA[✅ Projects page displays content correctly
]]>
</system-out>
</testcase>
<testcase name="Projects Management - Fixed › should have search functionality" classname="projects-fixed.test.ts" time="11.863">
<system-out>
<![CDATA[✅ Search functionality available
]]>
</system-out>
</testcase>
</testsuite>
<testsuite name="projects-simple.test.ts" timestamp="2025-09-07T23:30:42.949Z" hostname="chromium" tests="8" failures="1" skipped="0" time="95.589" errors="0">
<testcase name="Projects Tests - Simple › requires authentication to access projects" classname="projects-simple.test.ts" time="4.723">
</testcase>
<testcase name="Projects Tests - Simple › allows logged in users to view projects page" classname="projects-simple.test.ts" time="12.178">
</testcase>
<testcase name="Projects Tests - Simple › shows project form fields" classname="projects-simple.test.ts" time="13.74">
</testcase>
<testcase name="Projects Tests - Simple › validates required fields" classname="projects-simple.test.ts" time="24.792">
<failure message="projects-simple.test.ts:48:3 validates required fields" type="FAILURE">
<![CDATA[  [chromium] › projects-simple.test.ts:48:3 › Projects Tests - Simple › validates required fields ──

    TimeoutError: locator.evaluate: Timeout 10000ms exceeded.
    Call log:
      - waiting for locator('input[name="name"], input[id="name"]').first()


      65 |     
      66 |     // Check HTML5 validation
    > 67 |     const validationMessage = await nameInput.evaluate((el: HTMLInputElement) => el.validationMessage)
         |                                               ^
      68 |     if (validationMessage) {
      69 |       expect(validationMessage).toBeTruthy()
      70 |     } else {
        at C:\Users\IDA admin\epic-stack-main\epic-stack-main-Copy\tests\playwright-parallel\specs\projects-simple.test.ts:67:47

    attachment #1: screenshot (image/png) ──────────────────────────────────────────────────────────
    ..\..\..\test-results\projects-simple-Projects-T-3d742-e-validates-required-fields-chromium\test-failed-1.png
    ────────────────────────────────────────────────────────────────────────────────────────────────

    attachment #2: video (video/webm) ──────────────────────────────────────────────────────────────
    ..\..\..\test-results\projects-simple-Projects-T-3d742-e-validates-required-fields-chromium\video.webm
    ────────────────────────────────────────────────────────────────────────────────────────────────

    Error Context: ..\..\..\test-results\projects-simple-Projects-T-3d742-e-validates-required-fields-chromium\error-context.md
]]>
</failure>
<system-out>
<![CDATA[
[[ATTACHMENT|..\..\..\test-results\projects-simple-Projects-T-3d742-e-validates-required-fields-chromium\test-failed-1.png]]

[[ATTACHMENT|..\..\..\test-results\projects-simple-Projects-T-3d742-e-validates-required-fields-chromium\video.webm]]

[[ATTACHMENT|..\..\..\test-results\projects-simple-Projects-T-3d742-e-validates-required-fields-chromium\error-context.md]]
]]>
</system-out>
</testcase>
<testcase name="Projects Tests - Simple › can fill project form" classname="projects-simple.test.ts" time="11.813">
</testcase>
<testcase name="Projects Tests - Simple › displays project content or form" classname="projects-simple.test.ts" time="10.277">
</testcase>
<testcase name="Projects Tests - Simple › has search functionality" classname="projects-simple.test.ts" time="9.725">
</testcase>
<testcase name="Projects Tests - Simple › has proper page structure" classname="projects-simple.test.ts" time="8.341">
</testcase>
</testsuite>
<testsuite name="projects.test.ts" timestamp="2025-09-07T23:30:42.949Z" hostname="chromium" tests="9" failures="1" skipped="2" time="107.26" errors="0">
<testcase name="Projects Management › should require authentication to access projects" classname="projects.test.ts" time="3.121">
</testcase>
<testcase name="Projects Management › should allow logged in users to view projects page" classname="projects.test.ts" time="12.122">
</testcase>
<testcase name="Projects Management › should allow users to create a new project" classname="projects.test.ts" time="13.646">
</testcase>
<testcase name="Projects Management › should validate required fields when creating a project" classname="projects.test.ts" time="11.855">
</testcase>
<testcase name="Projects Management › should allow users to edit an existing project" classname="projects.test.ts" time="9.533">
<properties>
<property name="skip" value="">
</property>
</properties>
<skipped>
</skipped>
</testcase>
<testcase name="Projects Management › should allow users to delete a project" classname="projects.test.ts" time="13.027">
<properties>
<property name="skip" value="">
</property>
</properties>
<skipped>
</skipped>
</testcase>
<testcase name="Projects Management › should display empty state when no projects exist" classname="projects.test.ts" time="12.5">
</testcase>
<testcase name="Projects Management › should handle project search/filter" classname="projects.test.ts" time="12.251">
</testcase>
<testcase name="Projects Management › should handle concurrent project operations" classname="projects.test.ts" time="19.205">
<failure message="projects.test.ts:231:3 should handle concurrent project operations" type="FAILURE">
<![CDATA[  [chromium] › projects.test.ts:231:3 › Projects Management › should handle concurrent project operations 

    Error: expect(locator).toBeVisible() failed

    Locator:  locator('text=Playwright Concurrent Test 2 1757287999890')
    Expected: visible
    Received: <element(s) not found>
    Timeout:  5000ms

    Call log:
      - Expect "toBeVisible" with timeout 5000ms
      - waiting for locator('text=Playwright Concurrent Test 2 1757287999890')


      253 |     // Verify both projects were created
      254 |     for (const name of projectNames) {
    > 255 |       await expect(page.locator(`text=${name}`)).toBeVisible({ timeout: 5000 })
          |                                                  ^
      256 |     }
      257 |   })
      258 | })
        at C:\Users\IDA admin\epic-stack-main\epic-stack-main-Copy\tests\playwright-parallel\specs\projects.test.ts:255:50

    attachment #1: screenshot (image/png) ──────────────────────────────────────────────────────────
    ..\..\..\test-results\projects-Projects-Manageme-aada8-ncurrent-project-operations-chromium\test-failed-1.png
    ────────────────────────────────────────────────────────────────────────────────────────────────

    attachment #2: video (video/webm) ──────────────────────────────────────────────────────────────
    ..\..\..\test-results\projects-Projects-Manageme-aada8-ncurrent-project-operations-chromium\video.webm
    ────────────────────────────────────────────────────────────────────────────────────────────────

    Error Context: ..\..\..\test-results\projects-Projects-Manageme-aada8-ncurrent-project-operations-chromium\error-context.md
]]>
</failure>
<system-out>
<![CDATA[
[[ATTACHMENT|..\..\..\test-results\projects-Projects-Manageme-aada8-ncurrent-project-operations-chromium\test-failed-1.png]]

[[ATTACHMENT|..\..\..\test-results\projects-Projects-Manageme-aada8-ncurrent-project-operations-chromium\video.webm]]

[[ATTACHMENT|..\..\..\test-results\projects-Projects-Manageme-aada8-ncurrent-project-operations-chromium\error-context.md]]
]]>
</system-out>
</testcase>
</testsuite>
<testsuite name="roles-assignment-basic.test.ts" timestamp="2025-09-07T23:30:42.949Z" hostname="chromium" tests="10" failures="2" skipped="0" time="174.234" errors="0">
<testcase name="Roles and Permissions Basic Tests › should require authentication for protected routes" classname="roles-assignment-basic.test.ts" time="7.568">
<system-out>
<![CDATA[✅ Route /users/kody/notes/new requires authentication
✅ Route /projects requires authentication
✅ Route /timesheets requires authentication
]]>
</system-out>
</testcase>
<testcase name="Roles and Permissions Basic Tests › should allow authenticated access to resources" classname="roles-assignment-basic.test.ts" time="13.492">
<system-out>
<![CDATA[✅ Authenticated access to /users/kody
✅ Authenticated access to /users/kody/notes
✅ Authenticated access to /projects
]]>
</system-out>
</testcase>
<testcase name="Roles and Permissions Basic Tests › should show appropriate CRUD permissions for notes" classname="roles-assignment-basic.test.ts" time="9.821">
<system-out>
<![CDATA[✅ Notes page has 17 notes, can create: true
]]>
</system-out>
</testcase>
<testcase name="Roles and Permissions Basic Tests › should handle project permissions correctly" classname="roles-assignment-basic.test.ts" time="11.835">
<system-out>
<![CDATA[✅ Project permissions: { view: [33mtrue[39m, create: [33mtrue[39m, hasProjects: [33mtrue[39m }
]]>
</system-out>
</testcase>
<testcase name="Roles and Permissions Basic Tests › should handle timesheet permissions correctly" classname="roles-assignment-basic.test.ts" time="16.403">
<system-out>
<![CDATA[✅ Timesheet permissions: { view: [33mtrue[39m, hasGrid: [33mtrue[39m, canAdd: [33mtrue[39m }
]]>
</system-out>
</testcase>
<testcase name="Roles and Permissions Basic Tests › should handle session correctly" classname="roles-assignment-basic.test.ts" time="13.702">
<system-out>
<![CDATA[✅ Session management works correctly
]]>
</system-out>
</testcase>
<testcase name="Roles and Permissions Basic Tests › should prevent unauthorized API access" classname="roles-assignment-basic.test.ts" time="1.51">
<system-out>
<![CDATA[✅ Unauthorized API access returns 404
]]>
</system-out>
</testcase>
<testcase name="Roles and Permissions Basic Tests › should show correct UI for authenticated user" classname="roles-assignment-basic.test.ts" time="9.87">
<system-out>
<![CDATA[✅ User UI elements: { username: [33m1[39m, userMenu: [33mtrue[39m, logoutForm: [33mfalse[39m }
]]>
</system-out>
</testcase>
<testcase name="Roles and Permissions Basic Tests › should handle cross-user access appropriately" classname="roles-assignment-basic.test.ts" time="45.01">
<failure message="roles-assignment-basic.test.ts:186:3 should handle cross-user access appropriately" type="FAILURE">
<![CDATA[  [chromium] › roles-assignment-basic.test.ts:186:3 › Roles and Permissions Basic Tests › should handle cross-user access appropriately 

    Test timeout of 45000ms exceeded while setting up "page".

    Error: browserContext.newPage: Test timeout of 45000ms exceeded.
]]>
</failure>
</testcase>
<testcase name="Roles and Permissions Basic Tests › should create and manage notes with proper permissions" classname="roles-assignment-basic.test.ts" time="45.023">
<failure message="roles-assignment-basic.test.ts:212:3 should create and manage notes with proper permissions" type="FAILURE">
<![CDATA[  [chromium] › roles-assignment-basic.test.ts:212:3 › Roles and Permissions Basic Tests › should create and manage notes with proper permissions 

    Test timeout of 45000ms exceeded while setting up "page".

    Error: browserContext.newPage: Test timeout of 45000ms exceeded.
]]>
</failure>
</testcase>
</testsuite>
<testsuite name="roles-assignment-fixed.test.ts" timestamp="2025-09-07T23:30:42.949Z" hostname="chromium" tests="12" failures="12" skipped="0" time="60.037" errors="0">
<testcase name="Roles and Assignment Tests - Fixed › should enforce authentication on protected routes" classname="roles-assignment-fixed.test.ts" time="30.012">
<failure message="roles-assignment-fixed.test.ts:17:3 should enforce authentication on protected routes" type="FAILURE">
<![CDATA[  [chromium] › roles-assignment-fixed.test.ts:17:3 › Roles and Assignment Tests - Fixed › should enforce authentication on protected routes 

    Test timeout of 30000ms exceeded while running "beforeEach" hook.

      4 |   const BASE_URL = 'http://localhost:3000'
      5 |   
    > 6 |   test.beforeEach(async ({ page }) => {
        |        ^
      7 |     // Login before each test
      8 |     await page.goto(`${BASE_URL}/login`)
      9 |     await page.fill('#login-form-username', 'kody')
        at C:\Users\IDA admin\epic-stack-main\epic-stack-main-Copy\tests\playwright-parallel\specs\roles-assignment-fixed.test.ts:6:8

    Error: browserContext.newPage: Test timeout of 30000ms exceeded.
]]>
</failure>
</testcase>
<testcase name="Roles and Assignment Tests - Fixed › should allow access to own resources" classname="roles-assignment-fixed.test.ts" time="30.025">
<failure message="roles-assignment-fixed.test.ts:44:3 should allow access to own resources" type="FAILURE">
<![CDATA[  [chromium] › roles-assignment-fixed.test.ts:44:3 › Roles and Assignment Tests - Fixed › should allow access to own resources 

    Test timeout of 30000ms exceeded while running "beforeEach" hook.

      4 |   const BASE_URL = 'http://localhost:3000'
      5 |   
    > 6 |   test.beforeEach(async ({ page }) => {
        |        ^
      7 |     // Login before each test
      8 |     await page.goto(`${BASE_URL}/login`)
      9 |     await page.fill('#login-form-username', 'kody')
        at C:\Users\IDA admin\epic-stack-main\epic-stack-main-Copy\tests\playwright-parallel\specs\roles-assignment-fixed.test.ts:6:8

    Error: browserContext.newPage: Test timeout of 30000ms exceeded.
]]>
</failure>
</testcase>
<testcase name="Roles and Assignment Tests - Fixed › should show appropriate actions based on permissions" classname="roles-assignment-fixed.test.ts" time="0">
<failure message="roles-assignment-fixed.test.ts:60:3 should show appropriate actions based on permissions" type="FAILURE">
<![CDATA[  [chromium] › roles-assignment-fixed.test.ts:60:3 › Roles and Assignment Tests - Fixed › should show appropriate actions based on permissions 

    Error: worker process exited unexpectedly (code=3221225794, signal=null)
]]>
</failure>
</testcase>
<testcase name="Roles and Assignment Tests - Fixed › should handle project permissions" classname="roles-assignment-fixed.test.ts" time="0">
<failure message="roles-assignment-fixed.test.ts:77:3 should handle project permissions" type="FAILURE">
<![CDATA[  [chromium] › roles-assignment-fixed.test.ts:77:3 › Roles and Assignment Tests - Fixed › should handle project permissions 

    Error: worker process exited unexpectedly (code=3221225794, signal=null)
]]>
</failure>
</testcase>
<testcase name="Roles and Assignment Tests - Fixed › should handle timesheet permissions" classname="roles-assignment-fixed.test.ts" time="0">
<failure message="roles-assignment-fixed.test.ts:98:3 should handle timesheet permissions" type="FAILURE">
<![CDATA[  [chromium] › roles-assignment-fixed.test.ts:98:3 › Roles and Assignment Tests - Fixed › should handle timesheet permissions 

    Error: worker process exited unexpectedly (code=3221225794, signal=null)
]]>
</failure>
</testcase>
<testcase name="Roles and Assignment Tests - Fixed › should not show admin features to regular users" classname="roles-assignment-fixed.test.ts" time="0">
<failure message="roles-assignment-fixed.test.ts:118:3 should not show admin features to regular users" type="FAILURE">
<![CDATA[  [chromium] › roles-assignment-fixed.test.ts:118:3 › Roles and Assignment Tests - Fixed › should not show admin features to regular users 

    Error: worker process exited unexpectedly (code=3221225794, signal=null)
]]>
</failure>
</testcase>
<testcase name="Roles and Assignment Tests - Fixed › should maintain session across navigation" classname="roles-assignment-fixed.test.ts" time="0">
<failure message="roles-assignment-fixed.test.ts:136:3 should maintain session across navigation" type="FAILURE">
<![CDATA[  [chromium] › roles-assignment-fixed.test.ts:136:3 › Roles and Assignment Tests - Fixed › should maintain session across navigation 

    Error: worker process exited unexpectedly (code=3221225794, signal=null)
]]>
</failure>
</testcase>
<testcase name="Roles and Assignment Tests - Fixed › should handle session expiration" classname="roles-assignment-fixed.test.ts" time="0">
<failure message="roles-assignment-fixed.test.ts:154:3 should handle session expiration" type="FAILURE">
<![CDATA[  [chromium] › roles-assignment-fixed.test.ts:154:3 › Roles and Assignment Tests - Fixed › should handle session expiration 

    Error: worker process exited unexpectedly (code=3221225794, signal=null)
]]>
</failure>
</testcase>
<testcase name="Roles and Assignment Tests - Fixed › should validate API access control" classname="roles-assignment-fixed.test.ts" time="0">
<failure message="roles-assignment-fixed.test.ts:172:3 should validate API access control" type="FAILURE">
<![CDATA[  [chromium] › roles-assignment-fixed.test.ts:172:3 › Roles and Assignment Tests - Fixed › should validate API access control 

    Error: worker process exited unexpectedly (code=3221225794, signal=null)
]]>
</failure>
</testcase>
<testcase name="Roles and Assignment Tests - Fixed › should prevent cross-user data access" classname="roles-assignment-fixed.test.ts" time="0">
<failure message="roles-assignment-fixed.test.ts:199:3 should prevent cross-user data access" type="FAILURE">
<![CDATA[  [chromium] › roles-assignment-fixed.test.ts:199:3 › Roles and Assignment Tests - Fixed › should prevent cross-user data access 

    Error: worker process exited unexpectedly (code=3221225794, signal=null)
]]>
</failure>
</testcase>
<testcase name="Roles and Assignment Tests - Fixed › should show user-specific UI elements" classname="roles-assignment-fixed.test.ts" time="0">
<failure message="roles-assignment-fixed.test.ts:219:3 should show user-specific UI elements" type="FAILURE">
<![CDATA[  [chromium] › roles-assignment-fixed.test.ts:219:3 › Roles and Assignment Tests - Fixed › should show user-specific UI elements 

    Error: worker process exited unexpectedly (code=3221225794, signal=null)
]]>
</failure>
</testcase>
<testcase name="Roles and Assignment Tests - Fixed › should handle CRUD operations based on ownership" classname="roles-assignment-fixed.test.ts" time="0">
<failure message="roles-assignment-fixed.test.ts:234:3 should handle CRUD operations based on ownership" type="FAILURE">
<![CDATA[  [chromium] › roles-assignment-fixed.test.ts:234:3 › Roles and Assignment Tests - Fixed › should handle CRUD operations based on ownership 

    Error: worker process exited unexpectedly (code=3221225794, signal=null)
]]>
</failure>
</testcase>
</testsuite>
<testsuite name="roles-permissions.test.ts" timestamp="2025-09-07T23:30:42.949Z" hostname="chromium" tests="12" failures="12" skipped="0" time="0" errors="0">
<testcase name="Roles and Permissions › should restrict admin features to admin users" classname="roles-permissions.test.ts" time="0">
<failure message="roles-permissions.test.ts:13:3 should restrict admin features to admin users" type="FAILURE">
<![CDATA[  [chromium] › roles-permissions.test.ts:13:3 › Roles and Permissions › should restrict admin features to admin users 

    Error: worker process exited unexpectedly (code=3221225794, signal=null)
]]>
</failure>
</testcase>
<testcase name="Roles and Permissions › should allow different users to have different permissions" classname="roles-permissions.test.ts" time="0">
<failure message="roles-permissions.test.ts:26:3 should allow different users to have different permissions" type="FAILURE">
<![CDATA[  [chromium] › roles-permissions.test.ts:26:3 › Roles and Permissions › should allow different users to have different permissions 

    Error: worker process exited unexpectedly (code=3221225794, signal=null)
]]>
</failure>
</testcase>
<testcase name="Roles and Permissions › should enforce ownership rules on notes" classname="roles-permissions.test.ts" time="0">
<failure message="roles-permissions.test.ts:38:3 should enforce ownership rules on notes" type="FAILURE">
<![CDATA[  [chromium] › roles-permissions.test.ts:38:3 › Roles and Permissions › should enforce ownership rules on notes 

    Error: worker process exited unexpectedly (code=3221225794, signal=null)
]]>
</failure>
</testcase>
<testcase name="Roles and Permissions › should control project access based on permissions" classname="roles-permissions.test.ts" time="0">
<failure message="roles-permissions.test.ts:58:3 should control project access based on permissions" type="FAILURE">
<![CDATA[  [chromium] › roles-permissions.test.ts:58:3 › Roles and Permissions › should control project access based on permissions 

    Error: worker process exited unexpectedly (code=3221225794, signal=null)
]]>
</failure>
</testcase>
<testcase name="Roles and Permissions › should enforce timesheet permissions" classname="roles-permissions.test.ts" time="0">
<failure message="roles-permissions.test.ts:77:3 should enforce timesheet permissions" type="FAILURE">
<![CDATA[  [chromium] › roles-permissions.test.ts:77:3 › Roles and Permissions › should enforce timesheet permissions 

    Error: worker process exited unexpectedly (code=3221225794, signal=null)
]]>
</failure>
</testcase>
<testcase name="Roles and Permissions › should handle unauthorized access gracefully" classname="roles-permissions.test.ts" time="0">
<failure message="roles-permissions.test.ts:106:3 should handle unauthorized access gracefully" type="FAILURE">
<![CDATA[  [chromium] › roles-permissions.test.ts:106:3 › Roles and Permissions › should handle unauthorized access gracefully 

    Error: worker process exited unexpectedly (code=3221225794, signal=null)
]]>
</failure>
</testcase>
<testcase name="Roles and Permissions › should maintain permission consistency across navigation" classname="roles-permissions.test.ts" time="0">
<failure message="roles-permissions.test.ts:122:3 should maintain permission consistency across navigation" type="FAILURE">
<![CDATA[  [chromium] › roles-permissions.test.ts:122:3 › Roles and Permissions › should maintain permission consistency across navigation 

    Error: worker process exited unexpectedly (code=3221225794, signal=null)
]]>
</failure>
</testcase>
<testcase name="Roles and Permissions › should show appropriate UI elements based on user role" classname="roles-permissions.test.ts" time="0">
<failure message="roles-permissions.test.ts:146:3 should show appropriate UI elements based on user role" type="FAILURE">
<![CDATA[  [chromium] › roles-permissions.test.ts:146:3 › Roles and Permissions › should show appropriate UI elements based on user role 

    Error: worker process exited unexpectedly (code=3221225794, signal=null)
]]>
</failure>
</testcase>
<testcase name="Roles and Permissions › should handle session expiration" classname="roles-permissions.test.ts" time="0">
<failure message="roles-permissions.test.ts:164:3 should handle session expiration" type="FAILURE">
<![CDATA[  [chromium] › roles-permissions.test.ts:164:3 › Roles and Permissions › should handle session expiration 

    Error: worker process exited unexpectedly (code=3221225794, signal=null)
]]>
</failure>
</testcase>
<testcase name="Roles and Permissions › should validate CRUD permissions on resources" classname="roles-permissions.test.ts" time="0">
<failure message="roles-permissions.test.ts:179:3 should validate CRUD permissions on resources" type="FAILURE">
<![CDATA[  [chromium] › roles-permissions.test.ts:179:3 › Roles and Permissions › should validate CRUD permissions on resources 

    Error: worker process exited unexpectedly (code=3221225794, signal=null)
]]>
</failure>
</testcase>
<testcase name="Roles and Permissions › should prevent cross-user data modification" classname="roles-permissions.test.ts" time="0">
<failure message="roles-permissions.test.ts:206:3 should prevent cross-user data modification" type="FAILURE">
<![CDATA[  [chromium] › roles-permissions.test.ts:206:3 › Roles and Permissions › should prevent cross-user data modification 

    Error: worker process exited unexpectedly (code=3221225794, signal=null)
]]>
</failure>
</testcase>
<testcase name="Roles and Permissions › should apply role-based API access control" classname="roles-permissions.test.ts" time="0">
<failure message="roles-permissions.test.ts:221:3 should apply role-based API access control" type="FAILURE">
<![CDATA[  [chromium] › roles-permissions.test.ts:221:3 › Roles and Permissions › should apply role-based API access control 

    Error: worker process exited unexpectedly (code=3221225794, signal=null)
]]>
</failure>
</testcase>
</testsuite>
<testsuite name="timesheets-basic.test.ts" timestamp="2025-09-07T23:30:42.949Z" hostname="chromium" tests="5" failures="5" skipped="0" time="0" errors="0">
<testcase name="Timesheets Basic Tests › should require authentication for timesheets" classname="timesheets-basic.test.ts" time="0">
<failure message="timesheets-basic.test.ts:7:3 should require authentication for timesheets" type="FAILURE">
<![CDATA[  [chromium] › timesheets-basic.test.ts:7:3 › Timesheets Basic Tests › should require authentication for timesheets 

    Error: worker process exited unexpectedly (code=3221225794, signal=null)
]]>
</failure>
</testcase>
<testcase name="Timesheets Basic Tests › should access timesheets after login" classname="timesheets-basic.test.ts" time="0">
<failure message="timesheets-basic.test.ts:18:3 should access timesheets after login" type="FAILURE">
<![CDATA[  [chromium] › timesheets-basic.test.ts:18:3 › Timesheets Basic Tests › should access timesheets after login 

    Error: worker process exited unexpectedly (code=3221225794, signal=null)
]]>
</failure>
</testcase>
<testcase name="Timesheets Basic Tests › should check for AG-Grid or timesheet content" classname="timesheets-basic.test.ts" time="0">
<failure message="timesheets-basic.test.ts:40:3 should check for AG-Grid or timesheet content" type="FAILURE">
<![CDATA[  [chromium] › timesheets-basic.test.ts:40:3 › Timesheets Basic Tests › should check for AG-Grid or timesheet content 

    Error: worker process exited unexpectedly (code=3221225794, signal=null)
]]>
</failure>
</testcase>
<testcase name="Timesheets Basic Tests › should look for AG-Grid elements" classname="timesheets-basic.test.ts" time="0">
<failure message="timesheets-basic.test.ts:67:3 should look for AG-Grid elements" type="FAILURE">
<![CDATA[  [chromium] › timesheets-basic.test.ts:67:3 › Timesheets Basic Tests › should look for AG-Grid elements 

    Error: worker process exited unexpectedly (code=3221225794, signal=null)
]]>
</failure>
</testcase>
<testcase name="Timesheets Basic Tests › should check for timesheet actions" classname="timesheets-basic.test.ts" time="0">
<failure message="timesheets-basic.test.ts:106:3 should check for timesheet actions" type="FAILURE">
<![CDATA[  [chromium] › timesheets-basic.test.ts:106:3 › Timesheets Basic Tests › should check for timesheet actions 

    Error: worker process exited unexpectedly (code=3221225794, signal=null)
]]>
</failure>
</testcase>
</testsuite>
<testsuite name="timesheets-fixed.test.ts" timestamp="2025-09-07T23:30:42.949Z" hostname="chromium" tests="8" failures="8" skipped="0" time="0" errors="0">
<testcase name="Timesheets Management - Fixed › should access timesheets page when authenticated" classname="timesheets-fixed.test.ts" time="0">
<failure message="timesheets-fixed.test.ts:15:3 should access timesheets page when authenticated" type="FAILURE">
<![CDATA[  [chromium] › timesheets-fixed.test.ts:15:3 › Timesheets Management - Fixed › should access timesheets page when authenticated 

    Error: worker process exited unexpectedly (code=3221225794, signal=null)
]]>
</failure>
</testcase>
<testcase name="Timesheets Management - Fixed › should redirect to login when not authenticated" classname="timesheets-fixed.test.ts" time="0">
<failure message="timesheets-fixed.test.ts:33:3 should redirect to login when not authenticated" type="FAILURE">
<![CDATA[  [chromium] › timesheets-fixed.test.ts:33:3 › Timesheets Management - Fixed › should redirect to login when not authenticated 

    Error: worker process exited unexpectedly (code=3221225794, signal=null)
]]>
</failure>
</testcase>
<testcase name="Timesheets Management - Fixed › should display AG-Grid with headers" classname="timesheets-fixed.test.ts" time="0">
<failure message="timesheets-fixed.test.ts:49:3 should display AG-Grid with headers" type="FAILURE">
<![CDATA[  [chromium] › timesheets-fixed.test.ts:49:3 › Timesheets Management - Fixed › should display AG-Grid with headers 

    Error: worker process exited unexpectedly (code=3221225794, signal=null)
]]>
</failure>
</testcase>
<testcase name="Timesheets Management - Fixed › should have add timesheet functionality" classname="timesheets-fixed.test.ts" time="0">
<failure message="timesheets-fixed.test.ts:69:3 should have add timesheet functionality" type="FAILURE">
<![CDATA[  [chromium] › timesheets-fixed.test.ts:69:3 › Timesheets Management - Fixed › should have add timesheet functionality 

    Error: worker process exited unexpectedly (code=3221225794, signal=null)
]]>
</failure>
</testcase>
<testcase name="Timesheets Management - Fixed › should handle row expansion for DTRs" classname="timesheets-fixed.test.ts" time="0">
<failure message="timesheets-fixed.test.ts:95:3 should handle row expansion for DTRs" type="FAILURE">
<![CDATA[  [chromium] › timesheets-fixed.test.ts:95:3 › Timesheets Management - Fixed › should handle row expansion for DTRs 

    Error: worker process exited unexpectedly (code=3221225794, signal=null)
]]>
</failure>
</testcase>
<testcase name="Timesheets Management - Fixed › should display timesheet data or empty state" classname="timesheets-fixed.test.ts" time="0">
<failure message="timesheets-fixed.test.ts:128:3 should display timesheet data or empty state" type="FAILURE">
<![CDATA[  [chromium] › timesheets-fixed.test.ts:128:3 › Timesheets Management - Fixed › should display timesheet data or empty state 

    Error: worker process exited unexpectedly (code=3221225794, signal=null)
]]>
</failure>
</testcase>
<testcase name="Timesheets Management - Fixed › should have filter/search functionality" classname="timesheets-fixed.test.ts" time="0">
<failure message="timesheets-fixed.test.ts:147:3 should have filter/search functionality" type="FAILURE">
<![CDATA[  [chromium] › timesheets-fixed.test.ts:147:3 › Timesheets Management - Fixed › should have filter/search functionality 

    Error: worker process exited unexpectedly (code=3221225794, signal=null)
]]>
</failure>
</testcase>
<testcase name="Timesheets Management - Fixed › should verify single expansion policy" classname="timesheets-fixed.test.ts" time="0">
<failure message="timesheets-fixed.test.ts:164:3 should verify single expansion policy" type="FAILURE">
<![CDATA[  [chromium] › timesheets-fixed.test.ts:164:3 › Timesheets Management - Fixed › should verify single expansion policy 

    Error: worker process exited unexpectedly (code=3221225794, signal=null)
]]>
</failure>
</testcase>
</testsuite>
<testsuite name="timesheets.test.ts" timestamp="2025-09-07T23:30:42.949Z" hostname="chromium" tests="13" failures="13" skipped="0" time="0" errors="0">
<testcase name="Timesheet Management › should require authentication to access timesheets" classname="timesheets.test.ts" time="0">
<failure message="timesheets.test.ts:7:3 should require authentication to access timesheets" type="FAILURE">
<![CDATA[  [chromium] › timesheets.test.ts:7:3 › Timesheet Management › should require authentication to access timesheets 

    Error: worker process exited unexpectedly (code=3221225794, signal=null)
]]>
</failure>
</testcase>
<testcase name="Timesheet Management › should display timesheet grid for authenticated users" classname="timesheets.test.ts" time="0">
<failure message="timesheets.test.ts:16:3 should display timesheet grid for authenticated users" type="FAILURE">
<![CDATA[  [chromium] › timesheets.test.ts:16:3 › Timesheet Management › should display timesheet grid for authenticated users 

    Error: worker process exited unexpectedly (code=3221225794, signal=null)
]]>
</failure>
</testcase>
<testcase name="Timesheet Management › should create a new timesheet" classname="timesheets.test.ts" time="0">
<failure message="timesheets.test.ts:33:3 should create a new timesheet" type="FAILURE">
<![CDATA[  [chromium] › timesheets.test.ts:33:3 › Timesheet Management › should create a new timesheet ──────

    Error: worker process exited unexpectedly (code=3221225794, signal=null)
]]>
</failure>
</testcase>
<testcase name="Timesheet Management › should expand timesheet to show DTRs" classname="timesheets.test.ts" time="0">
<failure message="timesheets.test.ts:78:3 should expand timesheet to show DTRs" type="FAILURE">
<![CDATA[  [chromium] › timesheets.test.ts:78:3 › Timesheet Management › should expand timesheet to show DTRs 

    Error: worker process exited unexpectedly (code=3221225794, signal=null)
]]>
</failure>
</testcase>
<testcase name="Timesheet Management › should add DTR to timesheet" classname="timesheets.test.ts" time="0">
<failure message="timesheets.test.ts:99:3 should add DTR to timesheet" type="FAILURE">
<![CDATA[  [chromium] › timesheets.test.ts:99:3 › Timesheet Management › should add DTR to timesheet ────────

    Error: worker process exited unexpectedly (code=3221225794, signal=null)
]]>
</failure>
</testcase>
<testcase name="Timesheet Management › should add timelog to DTR" classname="timesheets.test.ts" time="0">
<failure message="timesheets.test.ts:132:3 should add timelog to DTR" type="FAILURE">
<![CDATA[  [chromium] › timesheets.test.ts:132:3 › Timesheet Management › should add timelog to DTR ─────────

    Error: worker process exited unexpectedly (code=3221225794, signal=null)
]]>
</failure>
</testcase>
<testcase name="Timesheet Management › should add clock event to timelog" classname="timesheets.test.ts" time="0">
<failure message="timesheets.test.ts:177:3 should add clock event to timelog" type="FAILURE">
<![CDATA[  [chromium] › timesheets.test.ts:177:3 › Timesheet Management › should add clock event to timelog ─

    Error: worker process exited unexpectedly (code=3221225794, signal=null)
]]>
</failure>
</testcase>
<testcase name="Timesheet Management › should edit timesheet details" classname="timesheets.test.ts" time="0">
<failure message="timesheets.test.ts:225:3 should edit timesheet details" type="FAILURE">
<![CDATA[  [chromium] › timesheets.test.ts:225:3 › Timesheet Management › should edit timesheet details ─────

    Error: worker process exited unexpectedly (code=3221225794, signal=null)
]]>
</failure>
</testcase>
<testcase name="Timesheet Management › should delete clock event" classname="timesheets.test.ts" time="0">
<failure message="timesheets.test.ts:255:3 should delete clock event" type="FAILURE">
<![CDATA[  [chromium] › timesheets.test.ts:255:3 › Timesheet Management › should delete clock event ─────────

    Error: worker process exited unexpectedly (code=3221225794, signal=null)
]]>
</failure>
</testcase>
<testcase name="Timesheet Management › should handle single expansion policy" classname="timesheets.test.ts" time="0">
<failure message="timesheets.test.ts:280:3 should handle single expansion policy" type="FAILURE">
<![CDATA[  [chromium] › timesheets.test.ts:280:3 › Timesheet Management › should handle single expansion policy 

    Error: worker process exited unexpectedly (code=3221225794, signal=null)
]]>
</failure>
</testcase>
<testcase name="Timesheet Management › should calculate total hours correctly" classname="timesheets.test.ts" time="0">
<failure message="timesheets.test.ts:308:3 should calculate total hours correctly" type="FAILURE">
<![CDATA[  [chromium] › timesheets.test.ts:308:3 › Timesheet Management › should calculate total hours correctly 

    Error: worker process exited unexpectedly (code=3221225794, signal=null)
]]>
</failure>
</testcase>
<testcase name="Timesheet Management › should filter timesheets by employee" classname="timesheets.test.ts" time="0">
<failure message="timesheets.test.ts:324:3 should filter timesheets by employee" type="FAILURE">
<![CDATA[  [chromium] › timesheets.test.ts:324:3 › Timesheet Management › should filter timesheets by employee 

    Error: worker process exited unexpectedly (code=3221225794, signal=null)
]]>
</failure>
</testcase>
<testcase name="Timesheet Management › should export timesheet data" classname="timesheets.test.ts" time="0">
<failure message="timesheets.test.ts:345:3 should export timesheet data" type="FAILURE">
<![CDATA[  [chromium] › timesheets.test.ts:345:3 › Timesheet Management › should export timesheet data ──────

    Error: worker process exited unexpectedly (code=3221225794, signal=null)
]]>
</failure>
</testcase>
</testsuite>
<testsuite name="user-search.test.ts" timestamp="2025-09-07T23:30:42.949Z" hostname="chromium" tests="12" failures="12" skipped="0" time="0" errors="0">
<testcase name="User Search Functionality › should handle search with no query" classname="user-search.test.ts" time="0">
<failure message="user-search.test.ts:9:3 should handle search with no query" type="FAILURE">
<![CDATA[  [chromium] › user-search.test.ts:9:3 › User Search Functionality › should handle search with no query 

    Error: worker process exited unexpectedly (code=3221225794, signal=null)
]]>
</failure>
</testcase>
<testcase name="User Search Functionality › should search for existing user" classname="user-search.test.ts" time="0">
<failure message="user-search.test.ts:27:3 should search for existing user" type="FAILURE">
<![CDATA[  [chromium] › user-search.test.ts:27:3 › User Search Functionality › should search for existing user 

    Error: worker process exited unexpectedly (code=3221225794, signal=null)
]]>
</failure>
</testcase>
<testcase name="User Search Functionality › should handle search with no results" classname="user-search.test.ts" time="0">
<failure message="user-search.test.ts:46:3 should handle search with no results" type="FAILURE">
<![CDATA[  [chromium] › user-search.test.ts:46:3 › User Search Functionality › should handle search with no results 

    Error: worker process exited unexpectedly (code=3221225794, signal=null)
]]>
</failure>
</testcase>
<testcase name="User Search Functionality › should handle partial search terms" classname="user-search.test.ts" time="0">
<failure message="user-search.test.ts:66:3 should handle partial search terms" type="FAILURE">
<![CDATA[  [chromium] › user-search.test.ts:66:3 › User Search Functionality › should handle partial search terms 

    Error: worker process exited unexpectedly (code=3221225794, signal=null)
]]>
</failure>
</testcase>
<testcase name="User Search Functionality › should handle special characters in search" classname="user-search.test.ts" time="0">
<failure message="user-search.test.ts:89:3 should handle special characters in search" type="FAILURE">
<![CDATA[  [chromium] › user-search.test.ts:89:3 › User Search Functionality › should handle special characters in search 

    Error: worker process exited unexpectedly (code=3221225794, signal=null)
]]>
</failure>
</testcase>
<testcase name="User Search Functionality › should handle case-insensitive search" classname="user-search.test.ts" time="0">
<failure message="user-search.test.ts:110:3 should handle case-insensitive search" type="FAILURE">
<![CDATA[  [chromium] › user-search.test.ts:110:3 › User Search Functionality › should handle case-insensitive search 

    Error: worker process exited unexpectedly (code=3221225794, signal=null)
]]>
</failure>
</testcase>
<testcase name="User Search Functionality › should update search via input field if available" classname="user-search.test.ts" time="0">
<failure message="user-search.test.ts:125:3 should update search via input field if available" type="FAILURE">
<![CDATA[  [chromium] › user-search.test.ts:125:3 › User Search Functionality › should update search via input field if available 

    Error: worker process exited unexpectedly (code=3221225794, signal=null)
]]>
</failure>
</testcase>
<testcase name="User Search Functionality › should handle empty search parameter" classname="user-search.test.ts" time="0">
<failure message="user-search.test.ts:156:3 should handle empty search parameter" type="FAILURE">
<![CDATA[  [chromium] › user-search.test.ts:156:3 › User Search Functionality › should handle empty search parameter 

    Error: worker process exited unexpectedly (code=3221225794, signal=null)
]]>
</failure>
</testcase>
<testcase name="User Search Functionality › should preserve search across navigation" classname="user-search.test.ts" time="0">
<failure message="user-search.test.ts:172:3 should preserve search across navigation" type="FAILURE">
<![CDATA[  [chromium] › user-search.test.ts:172:3 › User Search Functionality › should preserve search across navigation 

    Error: worker process exited unexpectedly (code=3221225794, signal=null)
]]>
</failure>
</testcase>
<testcase name="User Search Functionality › should handle multiple search parameters" classname="user-search.test.ts" time="0">
<failure message="user-search.test.ts:202:3 should handle multiple search parameters" type="FAILURE">
<![CDATA[  [chromium] › user-search.test.ts:202:3 › User Search Functionality › should handle multiple search parameters 

    Error: worker process exited unexpectedly (code=3221225794, signal=null)
]]>
</failure>
</testcase>
<testcase name="User Search Functionality › should handle very long search queries" classname="user-search.test.ts" time="0">
<failure message="user-search.test.ts:219:3 should handle very long search queries" type="FAILURE">
<![CDATA[  [chromium] › user-search.test.ts:219:3 › User Search Functionality › should handle very long search queries 

    Error: worker process exited unexpectedly (code=3221225794, signal=null)
]]>
</failure>
</testcase>
<testcase name="User Search Functionality › should search from homepage if search is available" classname="user-search.test.ts" time="0">
<failure message="user-search.test.ts:241:3 should search from homepage if search is available" type="FAILURE">
<![CDATA[  [chromium] › user-search.test.ts:241:3 › User Search Functionality › should search from homepage if search is available 

    Error: worker process exited unexpectedly (code=3221225794, signal=null)
]]>
</failure>
</testcase>
</testsuite>
<testsuite name="auth.test.ts" timestamp="2025-09-07T23:30:42.949Z" hostname="firefox" tests="6" failures="6" skipped="0" time="0" errors="0">
<testcase name="Authentication › should successfully login with valid credentials" classname="auth.test.ts" time="0">
<failure message="auth.test.ts:11:3 should successfully login with valid credentials" type="FAILURE">
<![CDATA[  [firefox] › auth.test.ts:11:3 › Authentication › should successfully login with valid credentials 

    Error: worker process exited unexpectedly (code=3221225794, signal=null)
]]>
</failure>
</testcase>
<testcase name="Authentication › should show error with invalid credentials" classname="auth.test.ts" time="0">
<failure message="auth.test.ts:32:3 should show error with invalid credentials" type="FAILURE">
<![CDATA[  [firefox] › auth.test.ts:32:3 › Authentication › should show error with invalid credentials ──────

    Error: worker process exited unexpectedly (code=3221225794, signal=null)
]]>
</failure>
</testcase>
<testcase name="Authentication › should successfully logout" classname="auth.test.ts" time="0">
<failure message="auth.test.ts:50:3 should successfully logout" type="FAILURE">
<![CDATA[  [firefox] › auth.test.ts:50:3 › Authentication › should successfully logout ──────────────────────

    Error: worker process exited unexpectedly (code=3221225794, signal=null)
]]>
</failure>
</testcase>
<testcase name="Authentication › should allow access to public notes without login" classname="auth.test.ts" time="0">
<failure message="auth.test.ts:75:3 should allow access to public notes without login" type="FAILURE">
<![CDATA[  [firefox] › auth.test.ts:75:3 › Authentication › should allow access to public notes without login 

    Error: worker process exited unexpectedly (code=3221225794, signal=null)
]]>
</failure>
</testcase>
<testcase name="Authentication › should persist login state across page navigation" classname="auth.test.ts" time="0">
<failure message="auth.test.ts:87:3 should persist login state across page navigation" type="FAILURE">
<![CDATA[  [firefox] › auth.test.ts:87:3 › Authentication › should persist login state across page navigation 

    Error: worker process exited unexpectedly (code=3221225794, signal=null)
]]>
</failure>
</testcase>
<testcase name="Authentication › should handle login form validation" classname="auth.test.ts" time="0">
<failure message="auth.test.ts:111:3 should handle login form validation" type="FAILURE">
<![CDATA[  [firefox] › auth.test.ts:111:3 › Authentication › should handle login form validation ────────────

    Error: worker process exited unexpectedly (code=3221225794, signal=null)
]]>
</failure>
</testcase>
</testsuite>
<testsuite name="notes-comprehensive.test.ts" timestamp="2025-09-07T23:30:42.949Z" hostname="firefox" tests="10" failures="10" skipped="0" time="0" errors="0">
<testcase name="Notes Management - Comprehensive › should display notes list page" classname="notes-comprehensive.test.ts" time="0">
<failure message="notes-comprehensive.test.ts:20:3 should display notes list page" type="FAILURE">
<![CDATA[  [firefox] › notes-comprehensive.test.ts:20:3 › Notes Management - Comprehensive › should display notes list page 

    Error: worker process exited unexpectedly (code=3221225794, signal=null)
]]>
</failure>
</testcase>
<testcase name="Notes Management - Comprehensive › should create a new note" classname="notes-comprehensive.test.ts" time="0">
<failure message="notes-comprehensive.test.ts:38:3 should create a new note" type="FAILURE">
<![CDATA[  [firefox] › notes-comprehensive.test.ts:38:3 › Notes Management - Comprehensive › should create a new note 

    Error: worker process exited unexpectedly (code=3221225794, signal=null)
]]>
</failure>
</testcase>
<testcase name="Notes Management - Comprehensive › should view note details" classname="notes-comprehensive.test.ts" time="0">
<failure message="notes-comprehensive.test.ts:77:3 should view note details" type="FAILURE">
<![CDATA[  [firefox] › notes-comprehensive.test.ts:77:3 › Notes Management - Comprehensive › should view note details 

    Error: worker process exited unexpectedly (code=3221225794, signal=null)
]]>
</failure>
</testcase>
<testcase name="Notes Management - Comprehensive › should edit an existing note" classname="notes-comprehensive.test.ts" time="0">
<failure message="notes-comprehensive.test.ts:112:3 should edit an existing note" type="FAILURE">
<![CDATA[  [firefox] › notes-comprehensive.test.ts:112:3 › Notes Management - Comprehensive › should edit an existing note 

    Error: worker process exited unexpectedly (code=3221225794, signal=null)
]]>
</failure>
</testcase>
<testcase name="Notes Management - Comprehensive › should delete a note" classname="notes-comprehensive.test.ts" time="0">
<failure message="notes-comprehensive.test.ts:155:3 should delete a note" type="FAILURE">
<![CDATA[  [firefox] › notes-comprehensive.test.ts:155:3 › Notes Management - Comprehensive › should delete a note 

    Error: worker process exited unexpectedly (code=3221225794, signal=null)
]]>
</failure>
</testcase>
<testcase name="Notes Management - Comprehensive › should handle multiple notes" classname="notes-comprehensive.test.ts" time="0">
<failure message="notes-comprehensive.test.ts:190:3 should handle multiple notes" type="FAILURE">
<![CDATA[  [firefox] › notes-comprehensive.test.ts:190:3 › Notes Management - Comprehensive › should handle multiple notes 

    Error: worker process exited unexpectedly (code=3221225794, signal=null)
]]>
</failure>
</testcase>
<testcase name="Notes Management - Comprehensive › should validate note form" classname="notes-comprehensive.test.ts" time="0">
<failure message="notes-comprehensive.test.ts:227:3 should validate note form" type="FAILURE">
<![CDATA[  [firefox] › notes-comprehensive.test.ts:227:3 › Notes Management - Comprehensive › should validate note form 

    Error: worker process exited unexpectedly (code=3221225794, signal=null)
]]>
</failure>
</testcase>
<testcase name="Notes Management - Comprehensive › should search/filter notes" classname="notes-comprehensive.test.ts" time="0">
<failure message="notes-comprehensive.test.ts:261:3 should search/filter notes" type="FAILURE">
<![CDATA[  [firefox] › notes-comprehensive.test.ts:261:3 › Notes Management - Comprehensive › should search/filter notes 

    Error: worker process exited unexpectedly (code=3221225794, signal=null)
]]>
</failure>
</testcase>
<testcase name="Notes Management - Comprehensive › should handle note permissions" classname="notes-comprehensive.test.ts" time="0">
<failure message="notes-comprehensive.test.ts:283:3 should handle note permissions" type="FAILURE">
<![CDATA[  [firefox] › notes-comprehensive.test.ts:283:3 › Notes Management - Comprehensive › should handle note permissions 

    Error: worker process exited unexpectedly (code=3221225794, signal=null)
]]>
</failure>
</testcase>
<testcase name="Notes Management - Comprehensive › should handle long note content" classname="notes-comprehensive.test.ts" time="0">
<failure message="notes-comprehensive.test.ts:306:3 should handle long note content" type="FAILURE">
<![CDATA[  [firefox] › notes-comprehensive.test.ts:306:3 › Notes Management - Comprehensive › should handle long note content 

    Error: worker process exited unexpectedly (code=3221225794, signal=null)
]]>
</failure>
</testcase>
</testsuite>
<testsuite name="notes-debug.test.ts" timestamp="2025-09-07T23:30:42.949Z" hostname="firefox" tests="1" failures="1" skipped="0" time="0" errors="0">
<testcase name="Notes Debug › debug note creation" classname="notes-debug.test.ts" time="0">
<failure message="notes-debug.test.ts:4:3 debug note creation" type="FAILURE">
<![CDATA[  [firefox] › notes-debug.test.ts:4:3 › Notes Debug › debug note creation ──────────────────────────

    Error: worker process exited unexpectedly (code=3221225794, signal=null)
]]>
</failure>
</testcase>
</testsuite>
<testsuite name="notes-simple.test.ts" timestamp="2025-09-07T23:30:42.949Z" hostname="firefox" tests="6" failures="6" skipped="0" time="0" errors="0">
<testcase name="Notes Tests - Simple › can view public notes without login" classname="notes-simple.test.ts" time="0">
<failure message="notes-simple.test.ts:4:3 can view public notes without login" type="FAILURE">
<![CDATA[  [firefox] › notes-simple.test.ts:4:3 › Notes Tests - Simple › can view public notes without login 

    Error: worker process exited unexpectedly (code=3221225794, signal=null)
]]>
</failure>
</testcase>
<testcase name="Notes Tests - Simple › can view individual note" classname="notes-simple.test.ts" time="0">
<failure message="notes-simple.test.ts:17:3 can view individual note" type="FAILURE">
<![CDATA[  [firefox] › notes-simple.test.ts:17:3 › Notes Tests - Simple › can view individual note ──────────

    Error: worker process exited unexpectedly (code=3221225794, signal=null)
]]>
</failure>
</testcase>
<testcase name="Notes Tests - Simple › requires login to create notes" classname="notes-simple.test.ts" time="0">
<failure message="notes-simple.test.ts:59:3 requires login to create notes" type="FAILURE">
<![CDATA[  [firefox] › notes-simple.test.ts:59:3 › Notes Tests - Simple › requires login to create notes ────

    Error: worker process exited unexpectedly (code=3221225794, signal=null)
]]>
</failure>
</testcase>
<testcase name="Notes Tests - Simple › can access note creation when logged in" classname="notes-simple.test.ts" time="0">
<failure message="notes-simple.test.ts:68:3 can access note creation when logged in" type="FAILURE">
<![CDATA[  [firefox] › notes-simple.test.ts:68:3 › Notes Tests - Simple › can access note creation when logged in 

    Error: worker process exited unexpectedly (code=3221225794, signal=null)
]]>
</failure>
</testcase>
<testcase name="Notes Tests - Simple › validates note creation form" classname="notes-simple.test.ts" time="0">
<failure message="notes-simple.test.ts:85:3 validates note creation form" type="FAILURE">
<![CDATA[  [firefox] › notes-simple.test.ts:85:3 › Notes Tests - Simple › validates note creation form ──────

    Error: worker process exited unexpectedly (code=3221225794, signal=null)
]]>
</failure>
</testcase>
<testcase name="Notes Tests - Simple › can search notes" classname="notes-simple.test.ts" time="0">
<failure message="notes-simple.test.ts:102:3 can search notes" type="FAILURE">
<![CDATA[  [firefox] › notes-simple.test.ts:102:3 › Notes Tests - Simple › can search notes ─────────────────

    Error: worker process exited unexpectedly (code=3221225794, signal=null)
]]>
</failure>
</testcase>
</testsuite>
<testsuite name="notes.test.ts" timestamp="2025-09-07T23:30:42.949Z" hostname="firefox" tests="6" failures="6" skipped="0" time="0" errors="0">
<testcase name="Notes Management › should allow users to create notes" classname="notes.test.ts" time="0">
<failure message="notes.test.ts:7:3 should allow users to create notes" type="FAILURE">
<![CDATA[  [firefox] › notes.test.ts:7:3 › Notes Management › should allow users to create notes ────────────

    Error: worker process exited unexpectedly (code=3221225794, signal=null)
]]>
</failure>
</testcase>
<testcase name="Notes Management › should allow users to edit notes" classname="notes.test.ts" time="0">
<failure message="notes.test.ts:34:3 should allow users to edit notes" type="FAILURE">
<![CDATA[  [firefox] › notes.test.ts:34:3 › Notes Management › should allow users to edit notes ─────────────

    Error: worker process exited unexpectedly (code=3221225794, signal=null)
]]>
</failure>
</testcase>
<testcase name="Notes Management › should allow users to delete notes" classname="notes.test.ts" time="0">
<failure message="notes.test.ts:66:3 should allow users to delete notes" type="FAILURE">
<![CDATA[  [firefox] › notes.test.ts:66:3 › Notes Management › should allow users to delete notes ───────────

    Error: worker process exited unexpectedly (code=3221225794, signal=null)
]]>
</failure>
</testcase>
<testcase name="Notes Management › should validate required fields when creating a note" classname="notes.test.ts" time="0">
<failure message="notes.test.ts:92:3 should validate required fields when creating a note" type="FAILURE">
<![CDATA[  [firefox] › notes.test.ts:92:3 › Notes Management › should validate required fields when creating a note 

    Error: worker process exited unexpectedly (code=3221225794, signal=null)
]]>
</failure>
</testcase>
<testcase name="Notes Management › should search and filter notes" classname="notes.test.ts" time="0">
<failure message="notes.test.ts:114:3 should search and filter notes" type="FAILURE">
<![CDATA[  [firefox] › notes.test.ts:114:3 › Notes Management › should search and filter notes ──────────────

    Error: worker process exited unexpectedly (code=3221225794, signal=null)
]]>
</failure>
</testcase>
<testcase name="Notes Management › should handle long note content gracefully" classname="notes.test.ts" time="0">
<failure message="notes.test.ts:140:3 should handle long note content gracefully" type="FAILURE">
<![CDATA[  [firefox] › notes.test.ts:140:3 › Notes Management › should handle long note content gracefully ──

    Error: worker process exited unexpectedly (code=3221225794, signal=null)
]]>
</failure>
</testcase>
</testsuite>
<testsuite name="projects-fixed.test.ts" timestamp="2025-09-07T23:30:42.949Z" hostname="firefox" tests="5" failures="5" skipped="0" time="0" errors="0">
<testcase name="Projects Management - Fixed › should access projects page when authenticated" classname="projects-fixed.test.ts" time="0">
<failure message="projects-fixed.test.ts:15:3 should access projects page when authenticated" type="FAILURE">
<![CDATA[  [firefox] › projects-fixed.test.ts:15:3 › Projects Management - Fixed › should access projects page when authenticated 

    Error: worker process exited unexpectedly (code=3221225794, signal=null)
]]>
</failure>
</testcase>
<testcase name="Projects Management - Fixed › should redirect to login when not authenticated" classname="projects-fixed.test.ts" time="0">
<failure message="projects-fixed.test.ts:29:3 should redirect to login when not authenticated" type="FAILURE">
<![CDATA[  [firefox] › projects-fixed.test.ts:29:3 › Projects Management - Fixed › should redirect to login when not authenticated 

    Error: worker process exited unexpectedly (code=3221225794, signal=null)
]]>
</failure>
</testcase>
<testcase name="Projects Management - Fixed › should handle project creation form" classname="projects-fixed.test.ts" time="0">
<failure message="projects-fixed.test.ts:45:3 should handle project creation form" type="FAILURE">
<![CDATA[  [firefox] › projects-fixed.test.ts:45:3 › Projects Management - Fixed › should handle project creation form 

    Error: worker process exited unexpectedly (code=3221225794, signal=null)
]]>
</failure>
</testcase>
<testcase name="Projects Management - Fixed › should display project list or empty state" classname="projects-fixed.test.ts" time="0">
<failure message="projects-fixed.test.ts:74:3 should display project list or empty state" type="FAILURE">
<![CDATA[  [firefox] › projects-fixed.test.ts:74:3 › Projects Management - Fixed › should display project list or empty state 

    Error: worker process exited unexpectedly (code=3221225794, signal=null)
]]>
</failure>
</testcase>
<testcase name="Projects Management - Fixed › should have search functionality" classname="projects-fixed.test.ts" time="0">
<failure message="projects-fixed.test.ts:91:3 should have search functionality" type="FAILURE">
<![CDATA[  [firefox] › projects-fixed.test.ts:91:3 › Projects Management - Fixed › should have search functionality 

    Error: worker process exited unexpectedly (code=3221225794, signal=null)
]]>
</failure>
</testcase>
</testsuite>
<testsuite name="projects-simple.test.ts" timestamp="2025-09-07T23:30:42.949Z" hostname="firefox" tests="8" failures="8" skipped="0" time="0" errors="0">
<testcase name="Projects Tests - Simple › requires authentication to access projects" classname="projects-simple.test.ts" time="0">
<failure message="projects-simple.test.ts:4:3 requires authentication to access projects" type="FAILURE">
<![CDATA[  [firefox] › projects-simple.test.ts:4:3 › Projects Tests - Simple › requires authentication to access projects 

    Error: worker process exited unexpectedly (code=3221225794, signal=null)
]]>
</failure>
</testcase>
<testcase name="Projects Tests - Simple › allows logged in users to view projects page" classname="projects-simple.test.ts" time="0">
<failure message="projects-simple.test.ts:13:3 allows logged in users to view projects page" type="FAILURE">
<![CDATA[  [firefox] › projects-simple.test.ts:13:3 › Projects Tests - Simple › allows logged in users to view projects page 

    Error: worker process exited unexpectedly (code=3221225794, signal=null)
]]>
</failure>
</testcase>
<testcase name="Projects Tests - Simple › shows project form fields" classname="projects-simple.test.ts" time="0">
<failure message="projects-simple.test.ts:32:3 shows project form fields" type="FAILURE">
<![CDATA[  [firefox] › projects-simple.test.ts:32:3 › Projects Tests - Simple › shows project form fields ───

    Error: worker process exited unexpectedly (code=3221225794, signal=null)
]]>
</failure>
</testcase>
<testcase name="Projects Tests - Simple › validates required fields" classname="projects-simple.test.ts" time="0">
<failure message="projects-simple.test.ts:48:3 validates required fields" type="FAILURE">
<![CDATA[  [firefox] › projects-simple.test.ts:48:3 › Projects Tests - Simple › validates required fields ───

    Error: worker process exited unexpectedly (code=3221225794, signal=null)
]]>
</failure>
</testcase>
<testcase name="Projects Tests - Simple › can fill project form" classname="projects-simple.test.ts" time="0">
<failure message="projects-simple.test.ts:78:3 can fill project form" type="FAILURE">
<![CDATA[  [firefox] › projects-simple.test.ts:78:3 › Projects Tests - Simple › can fill project form ───────

    Error: worker process exited unexpectedly (code=3221225794, signal=null)
]]>
</failure>
</testcase>
<testcase name="Projects Tests - Simple › displays project content or form" classname="projects-simple.test.ts" time="0">
<failure message="projects-simple.test.ts:101:3 displays project content or form" type="FAILURE">
<![CDATA[  [firefox] › projects-simple.test.ts:101:3 › Projects Tests - Simple › displays project content or form 

    Error: worker process exited unexpectedly (code=3221225794, signal=null)
]]>
</failure>
</testcase>
<testcase name="Projects Tests - Simple › has search functionality" classname="projects-simple.test.ts" time="0">
<failure message="projects-simple.test.ts:124:3 has search functionality" type="FAILURE">
<![CDATA[  [firefox] › projects-simple.test.ts:124:3 › Projects Tests - Simple › has search functionality ───

    Error: worker process exited unexpectedly (code=3221225794, signal=null)
]]>
</failure>
</testcase>
<testcase name="Projects Tests - Simple › has proper page structure" classname="projects-simple.test.ts" time="0">
<failure message="projects-simple.test.ts:148:3 has proper page structure" type="FAILURE">
<![CDATA[  [firefox] › projects-simple.test.ts:148:3 › Projects Tests - Simple › has proper page structure ──

    Error: worker process exited unexpectedly (code=3221225794, signal=null)
]]>
</failure>
</testcase>
</testsuite>
<testsuite name="projects.test.ts" timestamp="2025-09-07T23:30:42.949Z" hostname="firefox" tests="9" failures="9" skipped="0" time="0" errors="0">
<testcase name="Projects Management › should require authentication to access projects" classname="projects.test.ts" time="0">
<failure message="projects.test.ts:7:3 should require authentication to access projects" type="FAILURE">
<![CDATA[  [firefox] › projects.test.ts:7:3 › Projects Management › should require authentication to access projects 

    Error: worker process exited unexpectedly (code=3221225794, signal=null)
]]>
</failure>
</testcase>
<testcase name="Projects Management › should allow logged in users to view projects page" classname="projects.test.ts" time="0">
<failure message="projects.test.ts:16:3 should allow logged in users to view projects page" type="FAILURE">
<![CDATA[  [firefox] › projects.test.ts:16:3 › Projects Management › should allow logged in users to view projects page 

    Error: worker process exited unexpectedly (code=3221225794, signal=null)
]]>
</failure>
</testcase>
<testcase name="Projects Management › should allow users to create a new project" classname="projects.test.ts" time="0">
<failure message="projects.test.ts:37:3 should allow users to create a new project" type="FAILURE">
<![CDATA[  [firefox] › projects.test.ts:37:3 › Projects Management › should allow users to create a new project 

    Error: worker process exited unexpectedly (code=3221225794, signal=null)
]]>
</failure>
</testcase>
<testcase name="Projects Management › should validate required fields when creating a project" classname="projects.test.ts" time="0">
<failure message="projects.test.ts:66:3 should validate required fields when creating a project" type="FAILURE">
<![CDATA[  [firefox] › projects.test.ts:66:3 › Projects Management › should validate required fields when creating a project 

    Error: worker process exited unexpectedly (code=3221225794, signal=null)
]]>
</failure>
</testcase>
<testcase name="Projects Management › should allow users to edit an existing project" classname="projects.test.ts" time="0">
<failure message="projects.test.ts:104:3 should allow users to edit an existing project" type="FAILURE">
<![CDATA[  [firefox] › projects.test.ts:104:3 › Projects Management › should allow users to edit an existing project 

    Error: worker process exited unexpectedly (code=3221225794, signal=null)
]]>
</failure>
</testcase>
<testcase name="Projects Management › should allow users to delete a project" classname="projects.test.ts" time="0">
<failure message="projects.test.ts:139:3 should allow users to delete a project" type="FAILURE">
<![CDATA[  [firefox] › projects.test.ts:139:3 › Projects Management › should allow users to delete a project 

    Error: worker process exited unexpectedly (code=3221225794, signal=null)
]]>
</failure>
</testcase>
<testcase name="Projects Management › should display empty state when no projects exist" classname="projects.test.ts" time="0">
<failure message="projects.test.ts:177:3 should display empty state when no projects exist" type="FAILURE">
<![CDATA[  [firefox] › projects.test.ts:177:3 › Projects Management › should display empty state when no projects exist 

    Error: worker process exited unexpectedly (code=3221225794, signal=null)
]]>
</failure>
</testcase>
<testcase name="Projects Management › should handle project search/filter" classname="projects.test.ts" time="0">
<failure message="projects.test.ts:205:3 should handle project search/filter" type="FAILURE">
<![CDATA[  [firefox] › projects.test.ts:205:3 › Projects Management › should handle project search/filter ───

    Error: worker process exited unexpectedly (code=3221225794, signal=null)
]]>
</failure>
</testcase>
<testcase name="Projects Management › should handle concurrent project operations" classname="projects.test.ts" time="0">
<failure message="projects.test.ts:231:3 should handle concurrent project operations" type="FAILURE">
<![CDATA[  [firefox] › projects.test.ts:231:3 › Projects Management › should handle concurrent project operations 

    Error: worker process exited unexpectedly (code=3221225794, signal=null)
]]>
</failure>
</testcase>
</testsuite>
<testsuite name="roles-assignment-basic.test.ts" timestamp="2025-09-07T23:30:42.949Z" hostname="firefox" tests="10" failures="10" skipped="0" time="0" errors="0">
<testcase name="Roles and Permissions Basic Tests › should require authentication for protected routes" classname="roles-assignment-basic.test.ts" time="0">
<failure message="roles-assignment-basic.test.ts:9:3 should require authentication for protected routes" type="FAILURE">
<![CDATA[  [firefox] › roles-assignment-basic.test.ts:9:3 › Roles and Permissions Basic Tests › should require authentication for protected routes 

    Error: worker process exited unexpectedly (code=3221225794, signal=null)
]]>
</failure>
</testcase>
<testcase name="Roles and Permissions Basic Tests › should allow authenticated access to resources" classname="roles-assignment-basic.test.ts" time="0">
<failure message="roles-assignment-basic.test.ts:27:3 should allow authenticated access to resources" type="FAILURE">
<![CDATA[  [firefox] › roles-assignment-basic.test.ts:27:3 › Roles and Permissions Basic Tests › should allow authenticated access to resources 

    Error: worker process exited unexpectedly (code=3221225794, signal=null)
]]>
</failure>
</testcase>
<testcase name="Roles and Permissions Basic Tests › should show appropriate CRUD permissions for notes" classname="roles-assignment-basic.test.ts" time="0">
<failure message="roles-assignment-basic.test.ts:56:3 should show appropriate CRUD permissions for notes" type="FAILURE">
<![CDATA[  [firefox] › roles-assignment-basic.test.ts:56:3 › Roles and Permissions Basic Tests › should show appropriate CRUD permissions for notes 

    Error: worker process exited unexpectedly (code=3221225794, signal=null)
]]>
</failure>
</testcase>
<testcase name="Roles and Permissions Basic Tests › should handle project permissions correctly" classname="roles-assignment-basic.test.ts" time="0">
<failure message="roles-assignment-basic.test.ts:78:3 should handle project permissions correctly" type="FAILURE">
<![CDATA[  [firefox] › roles-assignment-basic.test.ts:78:3 › Roles and Permissions Basic Tests › should handle project permissions correctly 

    Error: worker process exited unexpectedly (code=3221225794, signal=null)
]]>
</failure>
</testcase>
<testcase name="Roles and Permissions Basic Tests › should handle timesheet permissions correctly" classname="roles-assignment-basic.test.ts" time="0">
<failure message="roles-assignment-basic.test.ts:100:3 should handle timesheet permissions correctly" type="FAILURE">
<![CDATA[  [firefox] › roles-assignment-basic.test.ts:100:3 › Roles and Permissions Basic Tests › should handle timesheet permissions correctly 

    Error: worker process exited unexpectedly (code=3221225794, signal=null)
]]>
</failure>
</testcase>
<testcase name="Roles and Permissions Basic Tests › should handle session correctly" classname="roles-assignment-basic.test.ts" time="0">
<failure message="roles-assignment-basic.test.ts:125:3 should handle session correctly" type="FAILURE">
<![CDATA[  [firefox] › roles-assignment-basic.test.ts:125:3 › Roles and Permissions Basic Tests › should handle session correctly 

    Error: worker process exited unexpectedly (code=3221225794, signal=null)
]]>
</failure>
</testcase>
<testcase name="Roles and Permissions Basic Tests › should prevent unauthorized API access" classname="roles-assignment-basic.test.ts" time="0">
<failure message="roles-assignment-basic.test.ts:150:3 should prevent unauthorized API access" type="FAILURE">
<![CDATA[  [firefox] › roles-assignment-basic.test.ts:150:3 › Roles and Permissions Basic Tests › should prevent unauthorized API access 

    Error: worker process exited unexpectedly (code=3221225794, signal=null)
]]>
</failure>
</testcase>
<testcase name="Roles and Permissions Basic Tests › should show correct UI for authenticated user" classname="roles-assignment-basic.test.ts" time="0">
<failure message="roles-assignment-basic.test.ts:163:3 should show correct UI for authenticated user" type="FAILURE">
<![CDATA[  [firefox] › roles-assignment-basic.test.ts:163:3 › Roles and Permissions Basic Tests › should show correct UI for authenticated user 

    Error: worker process exited unexpectedly (code=3221225794, signal=null)
]]>
</failure>
</testcase>
<testcase name="Roles and Permissions Basic Tests › should handle cross-user access appropriately" classname="roles-assignment-basic.test.ts" time="0">
<failure message="roles-assignment-basic.test.ts:186:3 should handle cross-user access appropriately" type="FAILURE">
<![CDATA[  [firefox] › roles-assignment-basic.test.ts:186:3 › Roles and Permissions Basic Tests › should handle cross-user access appropriately 

    Error: worker process exited unexpectedly (code=3221225794, signal=null)
]]>
</failure>
</testcase>
<testcase name="Roles and Permissions Basic Tests › should create and manage notes with proper permissions" classname="roles-assignment-basic.test.ts" time="0">
<failure message="roles-assignment-basic.test.ts:212:3 should create and manage notes with proper permissions" type="FAILURE">
<![CDATA[  [firefox] › roles-assignment-basic.test.ts:212:3 › Roles and Permissions Basic Tests › should create and manage notes with proper permissions 

    Error: worker process exited unexpectedly (code=3221225794, signal=null)
]]>
</failure>
</testcase>
</testsuite>
<testsuite name="roles-assignment-fixed.test.ts" timestamp="2025-09-07T23:30:42.949Z" hostname="firefox" tests="12" failures="12" skipped="0" time="0" errors="0">
<testcase name="Roles and Assignment Tests - Fixed › should enforce authentication on protected routes" classname="roles-assignment-fixed.test.ts" time="0">
<failure message="roles-assignment-fixed.test.ts:17:3 should enforce authentication on protected routes" type="FAILURE">
<![CDATA[  [firefox] › roles-assignment-fixed.test.ts:17:3 › Roles and Assignment Tests - Fixed › should enforce authentication on protected routes 

    Error: worker process exited unexpectedly (code=3221225794, signal=null)
]]>
</failure>
</testcase>
<testcase name="Roles and Assignment Tests - Fixed › should allow access to own resources" classname="roles-assignment-fixed.test.ts" time="0">
<failure message="roles-assignment-fixed.test.ts:44:3 should allow access to own resources" type="FAILURE">
<![CDATA[  [firefox] › roles-assignment-fixed.test.ts:44:3 › Roles and Assignment Tests - Fixed › should allow access to own resources 

    Error: worker process exited unexpectedly (code=3221225794, signal=null)
]]>
</failure>
</testcase>
<testcase name="Roles and Assignment Tests - Fixed › should show appropriate actions based on permissions" classname="roles-assignment-fixed.test.ts" time="0">
<failure message="roles-assignment-fixed.test.ts:60:3 should show appropriate actions based on permissions" type="FAILURE">
<![CDATA[  [firefox] › roles-assignment-fixed.test.ts:60:3 › Roles and Assignment Tests - Fixed › should show appropriate actions based on permissions 

    Error: worker process exited unexpectedly (code=3221225794, signal=null)
]]>
</failure>
</testcase>
<testcase name="Roles and Assignment Tests - Fixed › should handle project permissions" classname="roles-assignment-fixed.test.ts" time="0">
[...]
]]>
</failure>
</testcase>
<testcase name="Roles and Permissions › should handle session expiration" classname="roles-permissions.test.ts" time="0">
<failure message="roles-permissions.test.ts:164:3 should handle session expiration" type="FAILURE">
<![CDATA[  [Mobile Safari] › roles-permissions.test.ts:164:3 › Roles and Permissions › should handle session expiration 

    Error: worker process exited unexpectedly (code=3221225794, signal=null)
]]>
</failure>
</testcase>
<testcase name="Roles and Permissions › should validate CRUD permissions on resources" classname="roles-permissions.test.ts" time="0">
<failure message="roles-permissions.test.ts:179:3 should validate CRUD permissions on resources" type="FAILURE">
<![CDATA[  [Mobile Safari] › roles-permissions.test.ts:179:3 › Roles and Permissions › should validate CRUD permissions on resources 

    Error: worker process exited unexpectedly (code=3221225794, signal=null)
]]>
</failure>
</testcase>
<testcase name="Roles and Permissions › should prevent cross-user data modification" classname="roles-permissions.test.ts" time="0">
<failure message="roles-permissions.test.ts:206:3 should prevent cross-user data modification" type="FAILURE">
<![CDATA[  [Mobile Safari] › roles-permissions.test.ts:206:3 › Roles and Permissions › should prevent cross-user data modification 

    Error: worker process exited unexpectedly (code=3221225794, signal=null)
]]>
</failure>
</testcase>
<testcase name="Roles and Permissions › should apply role-based API access control" classname="roles-permissions.test.ts" time="0">
<failure message="roles-permissions.test.ts:221:3 should apply role-based API access control" type="FAILURE">
<![CDATA[  [Mobile Safari] › roles-permissions.test.ts:221:3 › Roles and Permissions › should apply role-based API access control 

    Error: worker process exited unexpectedly (code=3221225794, signal=null)
]]>
</failure>
</testcase>
</testsuite>
<testsuite name="timesheets-basic.test.ts" timestamp="2025-09-07T23:30:42.949Z" hostname="Mobile Safari" tests="5" failures="5" skipped="0" time="0" errors="0">
<testcase name="Timesheets Basic Tests › should require authentication for timesheets" classname="timesheets-basic.test.ts" time="0">
<failure message="timesheets-basic.test.ts:7:3 should require authentication for timesheets" type="FAILURE">
<![CDATA[  [Mobile Safari] › timesheets-basic.test.ts:7:3 › Timesheets Basic Tests › should require authentication for timesheets 

    Error: worker process exited unexpectedly (code=3221225794, signal=null)
]]>
</failure>
</testcase>
<testcase name="Timesheets Basic Tests › should access timesheets after login" classname="timesheets-basic.test.ts" time="0">
<failure message="timesheets-basic.test.ts:18:3 should access timesheets after login" type="FAILURE">
<![CDATA[  [Mobile Safari] › timesheets-basic.test.ts:18:3 › Timesheets Basic Tests › should access timesheets after login 

    Error: worker process exited unexpectedly (code=3221225794, signal=null)
]]>
</failure>
</testcase>
<testcase name="Timesheets Basic Tests › should check for AG-Grid or timesheet content" classname="timesheets-basic.test.ts" time="0">
<failure message="timesheets-basic.test.ts:40:3 should check for AG-Grid or timesheet content" type="FAILURE">
<![CDATA[  [Mobile Safari] › timesheets-basic.test.ts:40:3 › Timesheets Basic Tests › should check for AG-Grid or timesheet content 

    Error: worker process exited unexpectedly (code=3221225794, signal=null)
]]>
</failure>
</testcase>
<testcase name="Timesheets Basic Tests › should look for AG-Grid elements" classname="timesheets-basic.test.ts" time="0">
<failure message="timesheets-basic.test.ts:67:3 should look for AG-Grid elements" type="FAILURE">
<![CDATA[  [Mobile Safari] › timesheets-basic.test.ts:67:3 › Timesheets Basic Tests › should look for AG-Grid elements 

    Error: worker process exited unexpectedly (code=3221225794, signal=null)
]]>
</failure>
</testcase>
<testcase name="Timesheets Basic Tests › should check for timesheet actions" classname="timesheets-basic.test.ts" time="0">
<failure message="timesheets-basic.test.ts:106:3 should check for timesheet actions" type="FAILURE">
<![CDATA[  [Mobile Safari] › timesheets-basic.test.ts:106:3 › Timesheets Basic Tests › should check for timesheet actions 

    Error: worker process exited unexpectedly (code=3221225794, signal=null)
]]>
</failure>
</testcase>
</testsuite>
<testsuite name="timesheets-fixed.test.ts" timestamp="2025-09-07T23:30:42.949Z" hostname="Mobile Safari" tests="8" failures="8" skipped="0" time="0" errors="0">
<testcase name="Timesheets Management - Fixed › should access timesheets page when authenticated" classname="timesheets-fixed.test.ts" time="0">
<failure message="timesheets-fixed.test.ts:15:3 should access timesheets page when authenticated" type="FAILURE">
<![CDATA[  [Mobile Safari] › timesheets-fixed.test.ts:15:3 › Timesheets Management - Fixed › should access timesheets page when authenticated 

    Error: worker process exited unexpectedly (code=3221225794, signal=null)
]]>
</failure>
</testcase>
<testcase name="Timesheets Management - Fixed › should redirect to login when not authenticated" classname="timesheets-fixed.test.ts" time="0">
<failure message="timesheets-fixed.test.ts:33:3 should redirect to login when not authenticated" type="FAILURE">
<![CDATA[  [Mobile Safari] › timesheets-fixed.test.ts:33:3 › Timesheets Management - Fixed › should redirect to login when not authenticated 

    Error: worker process exited unexpectedly (code=3221225794, signal=null)
]]>
</failure>
</testcase>
<testcase name="Timesheets Management - Fixed › should display AG-Grid with headers" classname="timesheets-fixed.test.ts" time="0">
<failure message="timesheets-fixed.test.ts:49:3 should display AG-Grid with headers" type="FAILURE">
<![CDATA[  [Mobile Safari] › timesheets-fixed.test.ts:49:3 › Timesheets Management - Fixed › should display AG-Grid with headers 

    Error: worker process exited unexpectedly (code=3221225794, signal=null)
]]>
</failure>
</testcase>
<testcase name="Timesheets Management - Fixed › should have add timesheet functionality" classname="timesheets-fixed.test.ts" time="0">
<failure message="timesheets-fixed.test.ts:69:3 should have add timesheet functionality" type="FAILURE">
<![CDATA[  [Mobile Safari] › timesheets-fixed.test.ts:69:3 › Timesheets Management - Fixed › should have add timesheet functionality 

    Error: worker process exited unexpectedly (code=3221225794, signal=null)
]]>
</failure>
</testcase>
<testcase name="Timesheets Management - Fixed › should handle row expansion for DTRs" classname="timesheets-fixed.test.ts" time="0">
<failure message="timesheets-fixed.test.ts:95:3 should handle row expansion for DTRs" type="FAILURE">
<![CDATA[  [Mobile Safari] › timesheets-fixed.test.ts:95:3 › Timesheets Management - Fixed › should handle row expansion for DTRs 

    Error: worker process exited unexpectedly (code=3221225794, signal=null)
]]>
</failure>
</testcase>
<testcase name="Timesheets Management - Fixed › should display timesheet data or empty state" classname="timesheets-fixed.test.ts" time="0">
<failure message="timesheets-fixed.test.ts:128:3 should display timesheet data or empty state" type="FAILURE">
<![CDATA[  [Mobile Safari] › timesheets-fixed.test.ts:128:3 › Timesheets Management - Fixed › should display timesheet data or empty state 

    Error: worker process exited unexpectedly (code=3221225794, signal=null)
]]>
</failure>
</testcase>
<testcase name="Timesheets Management - Fixed › should have filter/search functionality" classname="timesheets-fixed.test.ts" time="0">
<failure message="timesheets-fixed.test.ts:147:3 should have filter/search functionality" type="FAILURE">
<![CDATA[  [Mobile Safari] › timesheets-fixed.test.ts:147:3 › Timesheets Management - Fixed › should have filter/search functionality 

    Error: worker process exited unexpectedly (code=3221225794, signal=null)
]]>
</failure>
</testcase>
<testcase name="Timesheets Management - Fixed › should verify single expansion policy" classname="timesheets-fixed.test.ts" time="0">
<failure message="timesheets-fixed.test.ts:164:3 should verify single expansion policy" type="FAILURE">
<![CDATA[  [Mobile Safari] › timesheets-fixed.test.ts:164:3 › Timesheets Management - Fixed › should verify single expansion policy 

    Error: worker process exited unexpectedly (code=3221225794, signal=null)
]]>
</failure>
</testcase>
</testsuite>
<testsuite name="timesheets.test.ts" timestamp="2025-09-07T23:30:42.949Z" hostname="Mobile Safari" tests="13" failures="13" skipped="0" time="0" errors="0">
<testcase name="Timesheet Management › should require authentication to access timesheets" classname="timesheets.test.ts" time="0">
<failure message="timesheets.test.ts:7:3 should require authentication to access timesheets" type="FAILURE">
<![CDATA[  [Mobile Safari] › timesheets.test.ts:7:3 › Timesheet Management › should require authentication to access timesheets 

    Error: worker process exited unexpectedly (code=3221225794, signal=null)
]]>
</failure>
</testcase>
<testcase name="Timesheet Management › should display timesheet grid for authenticated users" classname="timesheets.test.ts" time="0">
<failure message="timesheets.test.ts:16:3 should display timesheet grid for authenticated users" type="FAILURE">
<![CDATA[  [Mobile Safari] › timesheets.test.ts:16:3 › Timesheet Management › should display timesheet grid for authenticated users 

    Error: worker process exited unexpectedly (code=3221225794, signal=null)
]]>
</failure>
</testcase>
<testcase name="Timesheet Management › should create a new timesheet" classname="timesheets.test.ts" time="0">
<failure message="timesheets.test.ts:33:3 should create a new timesheet" type="FAILURE">
<![CDATA[  [Mobile Safari] › timesheets.test.ts:33:3 › Timesheet Management › should create a new timesheet ─

    Error: worker process exited unexpectedly (code=3221225794, signal=null)
]]>
</failure>
</testcase>
<testcase name="Timesheet Management › should expand timesheet to show DTRs" classname="timesheets.test.ts" time="0">
<failure message="timesheets.test.ts:78:3 should expand timesheet to show DTRs" type="FAILURE">
<![CDATA[  [Mobile Safari] › timesheets.test.ts:78:3 › Timesheet Management › should expand timesheet to show DTRs 

    Error: worker process exited unexpectedly (code=3221225794, signal=null)
]]>
</failure>
</testcase>
<testcase name="Timesheet Management › should add DTR to timesheet" classname="timesheets.test.ts" time="0">
<failure message="timesheets.test.ts:99:3 should add DTR to timesheet" type="FAILURE">
<![CDATA[  [Mobile Safari] › timesheets.test.ts:99:3 › Timesheet Management › should add DTR to timesheet ───

    Error: worker process exited unexpectedly (code=3221225794, signal=null)
]]>
</failure>
</testcase>
<testcase name="Timesheet Management › should add timelog to DTR" classname="timesheets.test.ts" time="0">
<failure message="timesheets.test.ts:132:3 should add timelog to DTR" type="FAILURE">
<![CDATA[  [Mobile Safari] › timesheets.test.ts:132:3 › Timesheet Management › should add timelog to DTR ────

    Error: worker process exited unexpectedly (code=3221225794, signal=null)
]]>
</failure>
</testcase>
<testcase name="Timesheet Management › should add clock event to timelog" classname="timesheets.test.ts" time="0">
<failure message="timesheets.test.ts:177:3 should add clock event to timelog" type="FAILURE">
<![CDATA[  [Mobile Safari] › timesheets.test.ts:177:3 › Timesheet Management › should add clock event to timelog 

    Error: worker process exited unexpectedly (code=3221225794, signal=null)
]]>
</failure>
</testcase>
<testcase name="Timesheet Management › should edit timesheet details" classname="timesheets.test.ts" time="0">
<failure message="timesheets.test.ts:225:3 should edit timesheet details" type="FAILURE">
<![CDATA[  [Mobile Safari] › timesheets.test.ts:225:3 › Timesheet Management › should edit timesheet details 

    Error: worker process exited unexpectedly (code=3221225794, signal=null)
]]>
</failure>
</testcase>
<testcase name="Timesheet Management › should delete clock event" classname="timesheets.test.ts" time="0">
<failure message="timesheets.test.ts:255:3 should delete clock event" type="FAILURE">
<![CDATA[  [Mobile Safari] › timesheets.test.ts:255:3 › Timesheet Management › should delete clock event ────

    Error: worker process exited unexpectedly (code=3221225794, signal=null)
]]>
</failure>
</testcase>
<testcase name="Timesheet Management › should handle single expansion policy" classname="timesheets.test.ts" time="0">
<failure message="timesheets.test.ts:280:3 should handle single expansion policy" type="FAILURE">
<![CDATA[  [Mobile Safari] › timesheets.test.ts:280:3 › Timesheet Management › should handle single expansion policy 

    Error: worker process exited unexpectedly (code=3221225794, signal=null)
]]>
</failure>
</testcase>
<testcase name="Timesheet Management › should calculate total hours correctly" classname="timesheets.test.ts" time="0">
<failure message="timesheets.test.ts:308:3 should calculate total hours correctly" type="FAILURE">
<![CDATA[  [Mobile Safari] › timesheets.test.ts:308:3 › Timesheet Management › should calculate total hours correctly 

    Error: worker process exited unexpectedly (code=3221225794, signal=null)
]]>
</failure>
</testcase>
<testcase name="Timesheet Management › should filter timesheets by employee" classname="timesheets.test.ts" time="0">
<failure message="timesheets.test.ts:324:3 should filter timesheets by employee" type="FAILURE">
<![CDATA[  [Mobile Safari] › timesheets.test.ts:324:3 › Timesheet Management › should filter timesheets by employee 

    Error: worker process exited unexpectedly (code=3221225794, signal=null)
]]>
</failure>
</testcase>
<testcase name="Timesheet Management › should export timesheet data" classname="timesheets.test.ts" time="0">
<failure message="timesheets.test.ts:345:3 should export timesheet data" type="FAILURE">
<![CDATA[  [Mobile Safari] › timesheets.test.ts:345:3 › Timesheet Management › should export timesheet data ─

    Error: worker process exited unexpectedly (code=3221225794, signal=null)
]]>
</failure>
</testcase>
</testsuite>
<testsuite name="user-search.test.ts" timestamp="2025-09-07T23:30:42.949Z" hostname="Mobile Safari" tests="12" failures="12" skipped="0" time="0" errors="0">
<testcase name="User Search Functionality › should handle search with no query" classname="user-search.test.ts" time="0">
<failure message="user-search.test.ts:9:3 should handle search with no query" type="FAILURE">
<![CDATA[  [Mobile Safari] › user-search.test.ts:9:3 › User Search Functionality › should handle search with no query 

    Error: worker process exited unexpectedly (code=3221225794, signal=null)
]]>
</failure>
</testcase>
<testcase name="User Search Functionality › should search for existing user" classname="user-search.test.ts" time="0">
<failure message="user-search.test.ts:27:3 should search for existing user" type="FAILURE">
<![CDATA[  [Mobile Safari] › user-search.test.ts:27:3 › User Search Functionality › should search for existing user 

    Error: worker process exited unexpectedly (code=3221225794, signal=null)
]]>
</failure>
</testcase>
<testcase name="User Search Functionality › should handle search with no results" classname="user-search.test.ts" time="0">
<failure message="user-search.test.ts:46:3 should handle search with no results" type="FAILURE">
<![CDATA[  [Mobile Safari] › user-search.test.ts:46:3 › User Search Functionality › should handle search with no results 

    Error: worker process exited unexpectedly (code=3221225794, signal=null)
]]>
</failure>
</testcase>
<testcase name="User Search Functionality › should handle partial search terms" classname="user-search.test.ts" time="0">
<failure message="user-search.test.ts:66:3 should handle partial search terms" type="FAILURE">
<![CDATA[  [Mobile Safari] › user-search.test.ts:66:3 › User Search Functionality › should handle partial search terms 

    Error: worker process exited unexpectedly (code=3221225794, signal=null)
]]>
</failure>
</testcase>
<testcase name="User Search Functionality › should handle special characters in search" classname="user-search.test.ts" time="0">
<failure message="user-search.test.ts:89:3 should handle special characters in search" type="FAILURE">
<![CDATA[  [Mobile Safari] › user-search.test.ts:89:3 › User Search Functionality › should handle special characters in search 

    Error: worker process exited unexpectedly (code=3221225794, signal=null)
]]>
</failure>
</testcase>
<testcase name="User Search Functionality › should handle case-insensitive search" classname="user-search.test.ts" time="0">
<failure message="user-search.test.ts:110:3 should handle case-insensitive search" type="FAILURE">
<![CDATA[  [Mobile Safari] › user-search.test.ts:110:3 › User Search Functionality › should handle case-insensitive search 

    Error: worker process exited unexpectedly (code=3221225794, signal=null)
]]>
</failure>
</testcase>
<testcase name="User Search Functionality › should update search via input field if available" classname="user-search.test.ts" time="0">
<failure message="user-search.test.ts:125:3 should update search via input field if available" type="FAILURE">
<![CDATA[  [Mobile Safari] › user-search.test.ts:125:3 › User Search Functionality › should update search via input field if available 

    Error: worker process exited unexpectedly (code=3221225794, signal=null)
]]>
</failure>
</testcase>
<testcase name="User Search Functionality › should handle empty search parameter" classname="user-search.test.ts" time="0">
<failure message="user-search.test.ts:156:3 should handle empty search parameter" type="FAILURE">
<![CDATA[  [Mobile Safari] › user-search.test.ts:156:3 › User Search Functionality › should handle empty search parameter 

    Error: worker process exited unexpectedly (code=3221225794, signal=null)
]]>
</failure>
</testcase>
<testcase name="User Search Functionality › should preserve search across navigation" classname="user-search.test.ts" time="0">
<failure message="user-search.test.ts:172:3 should preserve search across navigation" type="FAILURE">
<![CDATA[  [Mobile Safari] › user-search.test.ts:172:3 › User Search Functionality › should preserve search across navigation 

    Error: worker process exited unexpectedly (code=3221225794, signal=null)
]]>
</failure>
</testcase>
<testcase name="User Search Functionality › should handle multiple search parameters" classname="user-search.test.ts" time="0">
<failure message="user-search.test.ts:202:3 should handle multiple search parameters" type="FAILURE">
<![CDATA[  [Mobile Safari] › user-search.test.ts:202:3 › User Search Functionality › should handle multiple search parameters 

    Error: worker process exited unexpectedly (code=3221225794, signal=null)
]]>
</failure>
</testcase>
<testcase name="User Search Functionality › should handle very long search queries" classname="user-search.test.ts" time="0">
<failure message="user-search.test.ts:219:3 should handle very long search queries" type="FAILURE">
<![CDATA[  [Mobile Safari] › user-search.test.ts:219:3 › User Search Functionality › should handle very long search queries 

    Error: worker process exited unexpectedly (code=3221225794, signal=null)
]]>
</failure>
</testcase>
<testcase name="User Search Functionality › should search from homepage if search is available" classname="user-search.test.ts" time="0">
<failure message="user-search.test.ts:241:3 should search from homepage if search is available" type="FAILURE">
<![CDATA[  [Mobile Safari] › user-search.test.ts:241:3 › User Search Functionality › should search from homepage if search is available 

    Error: worker process exited unexpectedly (code=3221225794, signal=null)
]]>
</failure>
</testcase>
</testsuite>
</testsuites>